<?xml version="1.0" encoding="UTF-8"?>
<testsuites name="jest tests" tests="1" failures="0" errors="0" time="2.714">
  <testsuite name="undefined" errors="0" failures="0" skipped="0" timestamp="2024-01-11T11:50:13" time="1.496" tests="1">
    <testcase classname=" renders learn react link" name=" renders learn react link" time="0.033">
    </testcase>
  </testsuite>
</testsuites>